<?xml version="1.0" encoding="UTF-8"?>
<!-- Generated by org.testng.reporters.JUnitReportReporter -->
<testsuite hostname="NU14A1" failures="0" tests="1" name="test.Searchtest" time="17.053" errors="0" timestamp="2023-07-06T19:17:52 IST" skipped="0">
  <testcase classname="test.Searchtest" name="test2" time="17.053"/>
  <system-out/>
</testsuite> <!-- test.Searchtest -->
